Determining if the pthread_create exist failed with the following output:
Change Dir: /home/pxx/Documents/slambook/ch5/pointcloud/cmake-build-debug/CMakeFiles/CMakeTmp

Run Build Command:"/usr/bin/make" "cmTC_f586e/fast"
/usr/bin/make -f CMakeFiles/cmTC_f586e.dir/build.make CMakeFiles/cmTC_f586e.dir/build
make[1]: Entering directory '/home/pxx/Documents/slambook/ch5/pointcloud/cmake-build-debug/CMakeFiles/CMakeTmp'
Building C object CMakeFiles/cmTC_f586e.dir/CheckSymbolExists.c.o
/usr/bin/cc    -o CMakeFiles/cmTC_f586e.dir/CheckSymbolExists.c.o   -c /home/pxx/Documents/slambook/ch5/pointcloud/cmake-build-debug/CMakeFiles/CMakeTmp/CheckSymbolExists.c
Linking C executable cmTC_f586e
/home/pxx/Downloads/clion-2018.2.3/bin/cmake/linux/bin/cmake -E cmake_link_script CMakeFiles/cmTC_f586e.dir/link.txt --verbose=1
/usr/bin/cc      CMakeFiles/cmTC_f586e.dir/CheckSymbolExists.c.o  -o cmTC_f586e 
CMakeFiles/cmTC_f586e.dir/CheckSymbolExists.c.o: In function `main':
CheckSymbolExists.c:(.text+0x16): undefined reference to `pthread_create'
collect2: error: ld returned 1 exit status
CMakeFiles/cmTC_f586e.dir/build.make:86: recipe for target 'cmTC_f586e' failed
make[1]: *** [cmTC_f586e] Error 1
make[1]: Leaving directory '/home/pxx/Documents/slambook/ch5/pointcloud/cmake-build-debug/CMakeFiles/CMakeTmp'
Makefile:121: recipe for target 'cmTC_f586e/fast' failed
make: *** [cmTC_f586e/fast] Error 2

File /home/pxx/Documents/slambook/ch5/pointcloud/cmake-build-debug/CMakeFiles/CMakeTmp/CheckSymbolExists.c:
/* */
#include <pthread.h>

int main(int argc, char** argv)
{
  (void)argv;
#ifndef pthread_create
  return ((int*)(&pthread_create))[argc];
#else
  (void)argc;
  return 0;
#endif
}

Determining if the function pthread_create exists in the pthreads failed with the following output:
Change Dir: /home/pxx/Documents/slambook/ch5/pointcloud/cmake-build-debug/CMakeFiles/CMakeTmp

Run Build Command:"/usr/bin/make" "cmTC_6c975/fast"
/usr/bin/make -f CMakeFiles/cmTC_6c975.dir/build.make CMakeFiles/cmTC_6c975.dir/build
make[1]: Entering directory '/home/pxx/Documents/slambook/ch5/pointcloud/cmake-build-debug/CMakeFiles/CMakeTmp'
Building C object CMakeFiles/cmTC_6c975.dir/CheckFunctionExists.c.o
/usr/bin/cc   -DCHECK_FUNCTION_EXISTS=pthread_create   -o CMakeFiles/cmTC_6c975.dir/CheckFunctionExists.c.o   -c /home/pxx/Downloads/clion-2018.2.3/bin/cmake/linux/share/cmake-3.12/Modules/CheckFunctionExists.c
Linking C executable cmTC_6c975
/home/pxx/Downloads/clion-2018.2.3/bin/cmake/linux/bin/cmake -E cmake_link_script CMakeFiles/cmTC_6c975.dir/link.txt --verbose=1
/usr/bin/cc  -DCHECK_FUNCTION_EXISTS=pthread_create    CMakeFiles/cmTC_6c975.dir/CheckFunctionExists.c.o  -o cmTC_6c975 -lpthreads 
/usr/bin/ld: cannot find -lpthreads
collect2: error: ld returned 1 exit status
CMakeFiles/cmTC_6c975.dir/build.make:86: recipe for target 'cmTC_6c975' failed
make[1]: *** [cmTC_6c975] Error 1
make[1]: Leaving directory '/home/pxx/Documents/slambook/ch5/pointcloud/cmake-build-debug/CMakeFiles/CMakeTmp'
Makefile:121: recipe for target 'cmTC_6c975/fast' failed
make: *** [cmTC_6c975/fast] Error 2


